#! /mingw64/bin/vvp
:ivl_version "13.0 (stable)" "(v13_0)";
:ivl_delay_selection "TYPICAL";
:vpi_time_precision - 12;
:vpi_module "C:\msys64\mingw64\lib\ivl\system.vpi";
:vpi_module "C:\msys64\mingw64\lib\ivl\vhdl_sys.vpi";
:vpi_module "C:\msys64\mingw64\lib\ivl\vhdl_textio.vpi";
:vpi_module "C:\msys64\mingw64\lib\ivl\v2005_math.vpi";
:vpi_module "C:\msys64\mingw64\lib\ivl\va_math.vpi";
S_000002223e78f9b0 .scope module, "test" "test" 2 23;
 .timescale -9 -12;
v000002223e8065a0_0 .net "acc", 4 0, L_000002223e809dd0;  1 drivers
v000002223e8074a0_0 .var "clk", 0 0;
v000002223e808080_0 .var "in", 3 0;
v000002223e806640_0 .var "rst", 0 0;
S_000002223e78fb40 .scope module, "accmod" "accumulator" 2 28, 3 23 0, S_000002223e78f9b0;
 .timescale -9 -12;
    .port_info 0 /INPUT 4 "in";
    .port_info 1 /INPUT 1 "clk";
    .port_info 2 /INPUT 1 "rst";
    .port_info 3 /OUTPUT 5 "acc";
L_000002223e809dd0 .functor BUFZ 5, v000002223e806820_0, C4<00000>, C4<00000>, C4<00000>;
L_000002223ec00088 .functor BUFT 1, C4<0>, C4<0>, C4<0>, C4<0>;
v000002223e806960_0 .net/2u *"_ivl_0", 0 0, L_000002223ec00088;  1 drivers
v000002223e806d20_0 .net "acc", 4 0, L_000002223e809dd0;  alias, 1 drivers
v000002223e806a00_0 .net "clk", 0 0, v000002223e8074a0_0;  1 drivers
v000002223e807d60_0 .net "dff_in", 4 0, L_000002223e806fa0;  1 drivers
v000002223e806460_0 .net "dff_out", 4 0, v000002223e806820_0;  1 drivers
v000002223e807220_0 .net "in", 3 0, v000002223e808080_0;  1 drivers
v000002223e806500_0 .net "rst", 0 0, v000002223e806640_0;  1 drivers
L_000002223e806aa0 .concat [ 4 1 0 0], v000002223e808080_0, L_000002223ec00088;
S_000002223e78fcd0 .scope module, "add" "adder_struct" 3 26, 4 23 0, S_000002223e78fb40;
 .timescale -9 -12;
    .port_info 0 /INPUT 5 "in1";
    .port_info 1 /INPUT 5 "in2";
    .port_info 2 /OUTPUT 5 "out";
v000002223e76b8a0_0 .net "c_out1", 0 0, L_000002223e7aac30;  1 drivers
v000002223e807fe0_0 .net "c_out2", 0 0, L_000002223e7ab330;  1 drivers
v000002223e806280_0 .net "c_out3", 0 0, L_000002223e7ab480;  1 drivers
v000002223e807c20_0 .net "c_out4", 0 0, L_000002223e809d60;  1 drivers
v000002223e806320_0 .net "in1", 4 0, L_000002223e806aa0;  1 drivers
v000002223e8061e0_0 .net "in2", 4 0, v000002223e806820_0;  alias, 1 drivers
v000002223e8070e0_0 .net "out", 4 0, L_000002223e806fa0;  alias, 1 drivers
L_000002223e807680 .part L_000002223e806aa0, 0, 1;
L_000002223e807720 .part v000002223e806820_0, 0, 1;
L_000002223e8077c0 .part L_000002223e806aa0, 1, 1;
L_000002223e807860 .part v000002223e806820_0, 1, 1;
L_000002223e807e00 .part L_000002223e806aa0, 2, 1;
L_000002223e806dc0 .part v000002223e806820_0, 2, 1;
L_000002223e8066e0 .part L_000002223e806aa0, 3, 1;
L_000002223e806780 .part v000002223e806820_0, 3, 1;
L_000002223e806e60 .part L_000002223e806aa0, 4, 1;
L_000002223e8079a0 .part v000002223e806820_0, 4, 1;
LS_000002223e806fa0_0_0 .concat8 [ 1 1 1 1], L_000002223e7aaae0, L_000002223e7aaca0, L_000002223e7aad10, L_000002223e7ab560;
LS_000002223e806fa0_0_4 .concat8 [ 1 0 0 0], L_000002223e809900;
L_000002223e806fa0 .concat8 [ 4 1 0 0], LS_000002223e806fa0_0_0, LS_000002223e806fa0_0_4;
S_000002223e79dbc0 .scope module, "addr1" "half_addr" 4 25, 5 23 0, S_000002223e78fcd0;
 .timescale -9 -12;
    .port_info 0 /INPUT 1 "in1";
    .port_info 1 /INPUT 1 "in2";
    .port_info 2 /OUTPUT 1 "out";
    .port_info 3 /OUTPUT 1 "cout";
L_000002223e7aaae0 .functor XOR 1, L_000002223e807680, L_000002223e807720, C4<0>, C4<0>;
L_000002223e7aac30 .functor AND 1, L_000002223e807680, L_000002223e807720, C4<1>, C4<1>;
v000002223e7b1b80_0 .net "cout", 0 0, L_000002223e7aac30;  alias, 1 drivers
v000002223e7b1220_0 .net "in1", 0 0, L_000002223e807680;  1 drivers
v000002223e7b0f00_0 .net "in2", 0 0, L_000002223e807720;  1 drivers
v000002223e7b1ae0_0 .net "out", 0 0, L_000002223e7aaae0;  1 drivers
S_000002223e79dd50 .scope module, "addr2" "full_addr" 4 26, 6 23 0, S_000002223e78fcd0;
 .timescale -9 -12;
    .port_info 0 /INPUT 1 "in1";
    .port_info 1 /INPUT 1 "in2";
    .port_info 2 /INPUT 1 "cin";
    .port_info 3 /OUTPUT 1 "out";
    .port_info 4 /OUTPUT 1 "cout";
L_000002223e7aaca0 .functor XOR 1, L_000002223e8077c0, L_000002223e807860, L_000002223e7aac30, C4<0>;
L_000002223e7ab2c0 .functor AND 1, L_000002223e8077c0, L_000002223e807860, C4<1>, C4<1>;
L_000002223e7ab3a0 .functor XOR 1, L_000002223e8077c0, L_000002223e807860, C4<0>, C4<0>;
L_000002223e7ab720 .functor AND 1, L_000002223e7ab3a0, L_000002223e7aac30, C4<1>, C4<1>;
L_000002223e7ab330 .functor OR 1, L_000002223e7ab2c0, L_000002223e7ab720, C4<0>, C4<0>;
v000002223e7b0780_0 .net "cin", 0 0, L_000002223e7aac30;  alias, 1 drivers
v000002223e7b12c0_0 .net "cout", 0 0, L_000002223e7ab330;  alias, 1 drivers
v000002223e7b0b40_0 .net "g2_out", 0 0, L_000002223e7ab2c0;  1 drivers
v000002223e7b14a0_0 .net "g3_out", 0 0, L_000002223e7ab3a0;  1 drivers
v000002223e7b0820_0 .net "g4_out", 0 0, L_000002223e7ab720;  1 drivers
v000002223e7b0140_0 .net "in1", 0 0, L_000002223e8077c0;  1 drivers
v000002223e7b1c20_0 .net "in2", 0 0, L_000002223e807860;  1 drivers
v000002223e7b1540_0 .net "out", 0 0, L_000002223e7aaca0;  1 drivers
S_000002223e79dee0 .scope module, "addr3" "full_addr" 4 27, 6 23 0, S_000002223e78fcd0;
 .timescale -9 -12;
    .port_info 0 /INPUT 1 "in1";
    .port_info 1 /INPUT 1 "in2";
    .port_info 2 /INPUT 1 "cin";
    .port_info 3 /OUTPUT 1 "out";
    .port_info 4 /OUTPUT 1 "cout";
L_000002223e7aad10 .functor XOR 1, L_000002223e807e00, L_000002223e806dc0, L_000002223e7ab330, C4<0>;
L_000002223e7ab410 .functor AND 1, L_000002223e807e00, L_000002223e806dc0, C4<1>, C4<1>;
L_000002223e7ab640 .functor XOR 1, L_000002223e807e00, L_000002223e806dc0, C4<0>, C4<0>;
L_000002223e7ab090 .functor AND 1, L_000002223e7ab640, L_000002223e7ab330, C4<1>, C4<1>;
L_000002223e7ab480 .functor OR 1, L_000002223e7ab410, L_000002223e7ab090, C4<0>, C4<0>;
v000002223e7b0c80_0 .net "cin", 0 0, L_000002223e7ab330;  alias, 1 drivers
v000002223e7b1360_0 .net "cout", 0 0, L_000002223e7ab480;  alias, 1 drivers
v000002223e7b1cc0_0 .net "g2_out", 0 0, L_000002223e7ab410;  1 drivers
v000002223e7b1680_0 .net "g3_out", 0 0, L_000002223e7ab640;  1 drivers
v000002223e7b15e0_0 .net "g4_out", 0 0, L_000002223e7ab090;  1 drivers
v000002223e7b0d20_0 .net "in1", 0 0, L_000002223e807e00;  1 drivers
v000002223e7b01e0_0 .net "in2", 0 0, L_000002223e806dc0;  1 drivers
v000002223e7b17c0_0 .net "out", 0 0, L_000002223e7aad10;  1 drivers
S_000002223e799fd0 .scope module, "addr4" "full_addr" 4 28, 6 23 0, S_000002223e78fcd0;
 .timescale -9 -12;
    .port_info 0 /INPUT 1 "in1";
    .port_info 1 /INPUT 1 "in2";
    .port_info 2 /INPUT 1 "cin";
    .port_info 3 /OUTPUT 1 "out";
    .port_info 4 /OUTPUT 1 "cout";
L_000002223e7ab560 .functor XOR 1, L_000002223e8066e0, L_000002223e806780, L_000002223e7ab480, C4<0>;
L_000002223e8093c0 .functor AND 1, L_000002223e8066e0, L_000002223e806780, C4<1>, C4<1>;
L_000002223e809970 .functor XOR 1, L_000002223e8066e0, L_000002223e806780, C4<0>, C4<0>;
L_000002223e8099e0 .functor AND 1, L_000002223e809970, L_000002223e7ab480, C4<1>, C4<1>;
L_000002223e809d60 .functor OR 1, L_000002223e8093c0, L_000002223e8099e0, C4<0>, C4<0>;
v000002223e7b0280_0 .net "cin", 0 0, L_000002223e7ab480;  alias, 1 drivers
v000002223e7b1860_0 .net "cout", 0 0, L_000002223e809d60;  alias, 1 drivers
v000002223e7afec0_0 .net "g2_out", 0 0, L_000002223e8093c0;  1 drivers
v000002223e7aff60_0 .net "g3_out", 0 0, L_000002223e809970;  1 drivers
v000002223e7b0fa0_0 .net "g4_out", 0 0, L_000002223e8099e0;  1 drivers
v000002223e7b0000_0 .net "in1", 0 0, L_000002223e8066e0;  1 drivers
v000002223e7b0320_0 .net "in2", 0 0, L_000002223e806780;  1 drivers
v000002223e7b0460_0 .net "out", 0 0, L_000002223e7ab560;  1 drivers
S_000002223e79a1e0 .scope module, "addr5" "full_addr" 4 29, 6 23 0, S_000002223e78fcd0;
 .timescale -9 -12;
    .port_info 0 /INPUT 1 "in1";
    .port_info 1 /INPUT 1 "in2";
    .port_info 2 /INPUT 1 "cin";
    .port_info 3 /OUTPUT 1 "out";
    .port_info 4 /OUTPUT 1 "cout";
L_000002223e809900 .functor XOR 1, L_000002223e806e60, L_000002223e8079a0, L_000002223e809d60, C4<0>;
L_000002223e8094a0 .functor AND 1, L_000002223e806e60, L_000002223e8079a0, C4<1>, C4<1>;
L_000002223e809740 .functor XOR 1, L_000002223e806e60, L_000002223e8079a0, C4<0>, C4<0>;
L_000002223e809ac0 .functor AND 1, L_000002223e809740, L_000002223e809d60, C4<1>, C4<1>;
L_000002223e809a50 .functor OR 1, L_000002223e8094a0, L_000002223e809ac0, C4<0>, C4<0>;
v000002223e7b10e0_0 .net "cin", 0 0, L_000002223e809d60;  alias, 1 drivers
v000002223e7b0640_0 .net "cout", 0 0, L_000002223e809a50;  1 drivers
v000002223e7b05a0_0 .net "g2_out", 0 0, L_000002223e8094a0;  1 drivers
v000002223e7b0dc0_0 .net "g3_out", 0 0, L_000002223e809740;  1 drivers
v000002223e7b1040_0 .net "g4_out", 0 0, L_000002223e809ac0;  1 drivers
v000002223e7b06e0_0 .net "in1", 0 0, L_000002223e806e60;  1 drivers
v000002223e76bbc0_0 .net "in2", 0 0, L_000002223e8079a0;  1 drivers
v000002223e76c480_0 .net "out", 0 0, L_000002223e809900;  1 drivers
S_000002223e796580 .scope module, "mod" "dff" 3 27, 7 23 0, S_000002223e78fb40;
 .timescale -9 -12;
    .port_info 0 /INPUT 1 "clk";
    .port_info 1 /INPUT 1 "rst";
    .port_info 2 /INPUT 5 "in";
    .port_info 3 /OUTPUT 5 "out";
v000002223e8063c0_0 .net "clk", 0 0, v000002223e8074a0_0;  alias, 1 drivers
v000002223e807cc0_0 .net "in", 4 0, L_000002223e806fa0;  alias, 1 drivers
v000002223e806820_0 .var "out", 4 0;
v000002223e8068c0_0 .net "rst", 0 0, v000002223e806640_0;  alias, 1 drivers
E_000002223e7b3ef0 .event posedge, v000002223e8063c0_0;
    .scope S_000002223e796580;
T_0 ;
    %wait E_000002223e7b3ef0;
    %load/vec4 v000002223e8068c0_0;
    %flag_set/vec4 8;
    %jmp/0xz  T_0.0, 8;
    %pushi/vec4 0, 0, 5;
    %assign/vec4 v000002223e806820_0, 0;
    %jmp T_0.1;
T_0.0 ;
    %load/vec4 v000002223e807cc0_0;
    %assign/vec4 v000002223e806820_0, 0;
T_0.1 ;
    %jmp T_0;
    .thread T_0;
    .scope S_000002223e78f9b0;
T_1 ;
    %vpi_call 2 31 "$dumpfile", "wave.vcd" {0 0 0};
    %vpi_call 2 32 "$dumpvars", 32'sb00000000000000000000000000000000, S_000002223e78f9b0 {0 0 0};
    %end;
    .thread T_1;
    .scope S_000002223e78f9b0;
T_2 ;
    %pushi/vec4 0, 0, 1;
    %assign/vec4 v000002223e8074a0_0, 0;
    %pushi/vec4 1, 0, 1;
    %assign/vec4 v000002223e806640_0, 0;
    %end;
    .thread T_2;
    .scope S_000002223e78f9b0;
T_3 ;
    %delay 10000, 0;
    %load/vec4 v000002223e8074a0_0;
    %inv;
    %store/vec4 v000002223e8074a0_0, 0, 1;
    %jmp T_3;
    .thread T_3;
    .scope S_000002223e78f9b0;
T_4 ;
    %pushi/vec4 0, 0, 4;
    %assign/vec4 v000002223e808080_0, 0;
    %delay 100000, 0;
    %pushi/vec4 0, 0, 1;
    %assign/vec4 v000002223e806640_0, 0;
    %delay 10000, 0;
    %pushi/vec4 3, 0, 4;
    %assign/vec4 v000002223e808080_0, 0;
    %delay 20000, 0;
    %pushi/vec4 4, 0, 4;
    %assign/vec4 v000002223e808080_0, 0;
    %delay 100000, 0;
    %vpi_call 2 47 "$finish" {0 0 0};
    %end;
    .thread T_4;
# The file index is used to find the file name in the following table.
:file_names 8;
    "N/A";
    "<interactive>";
    "test.v";
    ".\accumulator.v";
    ".\adder_struct.v";
    ".\half_addr.v";
    ".\full_addr.v";
    ".\dff.v";
